<?xml version="1.0" encoding="UTF-8"?>
<!-- Generated by org.testng.reporters.JUnitReportReporter -->
<testsuite hostname="Apoorvs-MBP.Dlink" failures="0" tests="1" name="org.flipkart.tests.ValidateGamesSubMenu" time="7.186" errors="0" timestamp="2021-07-08T07:57:49 IST" skipped="0">
  <testcase classname="org.flipkart.tests.ValidateGamesSubMenu" name="validateGamesUnderElectronicSection" time="7.186"/>
  <system-out/>
</testsuite> <!-- org.flipkart.tests.ValidateGamesSubMenu -->
