<?xml version="1.0" encoding="UTF-8"?>
<!-- Generated by org.testng.reporters.JUnitReportReporter -->
<testsuite hostname="Apoorvs-MBP.Dlink" failures="0" tests="1" name="org.flipkart.tests.ValidateGamesSubMenuTest" time="8.154" errors="0" timestamp="2021-07-08T10:47:58 IST" skipped="0">
  <testcase classname="org.flipkart.tests.ValidateGamesSubMenuTest" name="validateGamesUnderElectronicSection" time="8.154"/>
  <system-out/>
</testsuite> <!-- org.flipkart.tests.ValidateGamesSubMenuTest -->
