<?xml version="1.0" encoding="UTF-8"?>
<!-- Generated by org.testng.reporters.JUnitReportReporter -->
<testsuite hostname="Apoorvs-MBP.Dlink" failures="0" tests="1" name="org.flipkart.browserFactory.BrowserFactory" time="1.463" errors="0" timestamp="2021-06-30T08:28:15 IST" skipped="0">
  <testcase classname="org.flipkart.browserFactory.BrowserFactory" name="launchBrowser" time="1.463"/>
  <system-out/>
</testsuite> <!-- org.flipkart.browserFactory.BrowserFactory -->
