<?xml version="1.0" encoding="UTF-8"?>
<!-- Generated by org.testng.reporters.JUnitReportReporter -->
<testsuite hostname="Apoorvs-MBP.Dlink" failures="0" tests="1" name="org.flipkart.envSetUp.EnviornmentSetUp" time="0.004" errors="0" timestamp="2021-06-30T14:52:25 IST" skipped="0">
  <testcase classname="org.flipkart.envSetUp.EnviornmentSetUp" name="print" time="0.004"/>
  <system-out/>
</testsuite> <!-- org.flipkart.envSetUp.EnviornmentSetUp -->
