<?xml version="1.0" encoding="UTF-8"?>
<!-- Generated by org.testng.reporters.JUnitReportReporter -->
<testsuite hostname="Apoorvs-MBP.Dlink" failures="0" tests="1" name="org.flipkart.tests.ValidateUserLoginTest" time="10.412" errors="0" timestamp="2021-07-08T20:56:48 IST" skipped="0">
  <testcase classname="org.flipkart.tests.ValidateUserLoginTest" name="userIsAbleToLoginSuccsfully" time="10.412"/>
  <system-out/>
</testsuite> <!-- org.flipkart.tests.ValidateUserLoginTest -->
